<?xml version="1.0" encoding="UTF-8"?>
<!-- Generated by org.testng.reporters.JUnitReportReporter -->
<testsuite skipped="0" hostname="DESKTOP-7M3VN73" name="TestFramework.RestAssureUdemyCyber" tests="1" failures="0" timestamp="11 Jul 2019 19:49:50 GMT" time="2.164" errors="0">
  <testcase name="ilkDeneme" time="2.164" classname="TestFramework.RestAssureUdemyCyber"/>
</testsuite> <!-- TestFramework.RestAssureUdemyCyber -->
